Traceback (most recent call last):
  File "/opt/anaconda3/lib/python3.12/site-packages/jupyter_cache/executors/utils.py", line 58, in single_nb_execution
    executenb(
  File "/opt/anaconda3/lib/python3.12/site-packages/nbclient/client.py", line 1305, in execute
    return NotebookClient(nb=nb, resources=resources, km=km, **kwargs).execute()
           ^^^^^^^^^^^^^^^^^^^^^^^^^^^^^^^^^^^^^^^^^^^^^^^^^^^^^^^^^^^^^^^^^^^^^
  File "/opt/anaconda3/lib/python3.12/site-packages/jupyter_core/utils/__init__.py", line 165, in wrapped
    return loop.run_until_complete(inner)
           ^^^^^^^^^^^^^^^^^^^^^^^^^^^^^^
  File "/opt/anaconda3/lib/python3.12/asyncio/base_events.py", line 685, in run_until_complete
    return future.result()
           ^^^^^^^^^^^^^^^
  File "/opt/anaconda3/lib/python3.12/site-packages/nbclient/client.py", line 705, in async_execute
    await self.async_execute_cell(
  File "/opt/anaconda3/lib/python3.12/site-packages/nbclient/client.py", line 1058, in async_execute_cell
    await self._check_raise_for_error(cell, cell_index, exec_reply)
  File "/opt/anaconda3/lib/python3.12/site-packages/nbclient/client.py", line 914, in _check_raise_for_error
    raise CellExecutionError.from_cell_and_msg(cell, exec_reply_content)
nbclient.exceptions.CellExecutionError: An error occurred while executing the following cell:
------------------
---
slideshow:
  slide_type: skip
---
### Some imports
# All packages are included in the Anaconda python distribution and integral part of a machine learning Python environment).
import numpy as np               # efficient matrix-vector operations
import numpy.linalg as la        # linear algebra (solvers etc.)
import pandas as pd              # data processing, CSV file I/O (e.g. pd.read_csv)
import seaborn as sns            # data visualization  
sns.set_style("whitegrid")        # set the figure default style
sns.set_context("talk")
sns.set(font_scale=1.5)          # bigger fonts in images

import matplotlib.pyplot as plt  # basic plotting

# some not so standard imports:
import importlib                 # enable reloading of libraries
import plotting_util as util     # useful plotting tools for teaching (see plotting_utils.py)
importlib.reload(util)
import time                      # timing (for example to benchmark an algorithm)
------------------


[0;36m  Cell [0;32mIn[1], line 1[0;36m[0m
[0;31m    ---[0m
[0m       ^[0m
[0;31mSyntaxError[0m[0;31m:[0m invalid syntax


